[debug] [2025-01-06T17:24:43.105Z] ----------------------------------------------------------------------
[debug] [2025-01-06T17:24:43.112Z] Command:       C:\Program Files\nodejs\node.exe C:\Users\yadav\AppData\Roaming\npm\node_modules\firebase-tools\lib\bin\firebase.js init
[debug] [2025-01-06T17:24:43.112Z] CLI Version:   13.29.1
[debug] [2025-01-06T17:24:43.113Z] Platform:      win32
[debug] [2025-01-06T17:24:43.113Z] Node Version:  v22.12.0
[debug] [2025-01-06T17:24:43.113Z] Time:          Mon Jan 06 2025 22:54:43 GMT+0530 (India Standard Time)
[debug] [2025-01-06T17:24:43.114Z] ----------------------------------------------------------------------
[debug] 
[debug] [2025-01-06T17:24:43.126Z] > command requires scopes: ["email","openid","https://www.googleapis.com/auth/cloudplatformprojects.readonly","https://www.googleapis.com/auth/firebase","https://www.googleapis.com/auth/cloud-platform"]
[debug] [2025-01-06T17:24:43.127Z] > authorizing via signed-in user (lalbahadury114@gmail.com)
[info] 
     ######## #### ########  ######## ########     ###     ######  ########
     ##        ##  ##     ## ##       ##     ##  ##   ##  ##       ##
     ######    ##  ########  ######   ########  #########  ######  ######
     ##        ##  ##    ##  ##       ##     ## ##     ##       ## ##
     ##       #### ##     ## ######## ########  ##     ##  ######  ########

You're about to initialize a Firebase project in this directory:

  C:\myfirstebsite

Before we get started, keep in mind:

  * You are currently outside your home directory

[info] 
=== Project Setup
[info] 
[info] First, let's associate this project directory with a Firebase project.
[info] You can create multiple project aliases by running firebase use --add, 
[info] but for now we'll just set up a default project.
[info] 
[debug] [2025-01-06T17:24:59.076Z] Checked if tokens are valid: true, expires at: 1736187865547
[debug] [2025-01-06T17:24:59.077Z] Checked if tokens are valid: true, expires at: 1736187865547
[debug] [2025-01-06T17:24:59.079Z] >>> [apiv2][query] GET https://firebase.googleapis.com/v1beta1/projects pageSize=100
[debug] [2025-01-06T17:25:00.694Z] <<< [apiv2][status] GET https://firebase.googleapis.com/v1beta1/projects 200
[debug] [2025-01-06T17:25:00.695Z] <<< [apiv2][body] GET https://firebase.googleapis.com/v1beta1/projects [omitted]
[info] i  Using project mycv-20d69 (mycv) 
[info] 
=== Hosting Setup
[debug] [2025-01-06T17:25:04.520Z] Checked if tokens are valid: true, expires at: 1736187865547
[debug] [2025-01-06T17:25:04.520Z] Checked if tokens are valid: true, expires at: 1736187865547
[debug] [2025-01-06T17:25:04.520Z] >>> [apiv2][query] GET https://firebase.googleapis.com/v1beta1/projects/mycv-20d69 [none]
[debug] [2025-01-06T17:25:04.983Z] <<< [apiv2][status] GET https://firebase.googleapis.com/v1beta1/projects/mycv-20d69 200
[debug] [2025-01-06T17:25:04.984Z] <<< [apiv2][body] GET https://firebase.googleapis.com/v1beta1/projects/mycv-20d69 {"projectId":"mycv-20d69","projectNumber":"915353998148","displayName":"mycv","name":"projects/mycv-20d69","resources":{"hostingSite":"mycv-20d69"},"state":"ACTIVE","etag":"1_bd2e0028-7a5a-428c-84a8-987f2a0b7bce"}
[info] 
[info] Your public directory is the folder (relative to your project directory) that
[info] will contain Hosting assets to be uploaded with firebase deploy. If you
[info] have a build process for your assets, use your build's output directory.
[info] 
